<?xml version="1.0" encoding="UTF-8"?>
<!-- Generated by org.testng.reporters.JUnitXMLReporter -->
<testsuite ignored="0" hostname="Manolopelous-2.local" failures="1" tests="1" name="Test" time="12.691" errors="0" timestamp="2025-07-03T20:40:00 IST">
  <testcase classname="testCases.TC3_DataDrivenLogin" name="VerigyDatadrivenLoginFeature" time="2.148">
    <failure type="org.testng.internal.reflect.MethodMatcherException" message="
[public void testCases.TC3_DataDrivenLogin.VerigyDatadrivenLoginFeature(java.lang.String,java.lang.String,java.lang.String)] has no parameters defined but was found to be using a data provider (either explicitly specified or inherited from class level annotation).
Data provider mismatch
Method: VerigyDatadrivenLoginFeature([java.lang.String arg0, java.lang.String arg1, java.lang.String arg2])
Arguments: [(java.lang.String) test123@yopmail.com,(java.lang.String) test@123,(java.lang.String) Invalid,(java.lang.String) ,(java.lang.String) ]">
      <![CDATA[org.testng.internal.reflect.MethodMatcherException: 
[public void testCases.TC3_DataDrivenLogin.VerigyDatadrivenLoginFeature(java.lang.String,java.lang.String,java.lang.String)] has no parameters defined but was found to be using a data provider (either explicitly specified or inherited from class level annotation).
Data provider mismatch
Method: VerigyDatadrivenLoginFeature([java.lang.String arg0, java.lang.String arg1, java.lang.String arg2])
Arguments: [(java.lang.String) test123@yopmail.com,(java.lang.String) test@123,(java.lang.String) Invalid,(java.lang.String) ,(java.lang.String) ]
at java.base/java.util.ArrayList.forEach(ArrayList.java:1597)
... Removed 22 stack frames]]>
    </failure>
  </testcase> <!-- VerigyDatadrivenLoginFeature -->
</testsuite> <!-- Test -->
