<?xml version="1.0" encoding="UTF-8"?>
<testng-results ignored="0" total="1" passed="1" failed="0" skipped="0">
  <reporter-output>
  </reporter-output>
  <suite started-at="2025-06-29T17:47:52 IST" name="Default suite" finished-at="2025-06-29T17:48:07 IST" duration-ms="15264">
    <groups>
    </groups>
    <test started-at="2025-06-29T17:47:52 IST" name="Default test" finished-at="2025-06-29T17:48:07 IST" duration-ms="15264">
      <class name="testCases.TC1_SignUp">
        <test-method is-config="true" signature="setUp()[pri:0, instance:testCases.TC1_SignUp@22555ebf]" started-at="2025-06-29T17:47:52 IST" name="setUp" finished-at="2025-06-29T17:47:59 IST" duration-ms="7202" status="PASS">
          <reporter-output>
          </reporter-output>
        </test-method> <!-- setUp -->
        <test-method signature="VarifySignup()[pri:0, instance:testCases.TC1_SignUp@22555ebf]" started-at="2025-06-29T17:47:59 IST" name="VarifySignup" finished-at="2025-06-29T17:48:07 IST" duration-ms="7619" status="PASS">
          <reporter-output>
          </reporter-output>
        </test-method> <!-- VarifySignup -->
        <test-method is-config="true" signature="tearDown()[pri:0, instance:testCases.TC1_SignUp@22555ebf]" started-at="2025-06-29T17:48:07 IST" name="tearDown" finished-at="2025-06-29T17:48:07 IST" duration-ms="388" status="PASS">
          <reporter-output>
          </reporter-output>
        </test-method> <!-- tearDown -->
      </class> <!-- testCases.TC1_SignUp -->
    </test> <!-- Default test -->
  </suite> <!-- Default suite -->
</testng-results>
