<?xml version="1.0" encoding="UTF-8"?>
<testng-results ignored="0" total="1" passed="1" failed="0" skipped="0">
  <reporter-output>
  </reporter-output>
  <suite started-at="2025-06-29T19:58:13 IST" name="MasterSuite" finished-at="2025-06-29T19:58:32 IST" duration-ms="18925">
    <groups>
    </groups>
    <test started-at="2025-06-29T19:58:13 IST" name="Test" finished-at="2025-06-29T19:58:32 IST" duration-ms="18925">
      <class name="testCases.TC1_SignUp">
        <test-method is-config="true" signature="setUp(java.lang.String,java.lang.String)[pri:0, instance:testCases.TC1_SignUp@43bc63a3]" started-at="2025-06-29T19:58:13 IST" name="setUp" finished-at="2025-06-29T19:58:24 IST" duration-ms="10772" status="PASS">
          <params>
            <param index="0">
              <value>
                <![CDATA[Windows]]>
              </value>
            </param>
            <param index="1">
              <value>
                <![CDATA[chrome]]>
              </value>
            </param>
          </params>
          <reporter-output>
          </reporter-output>
        </test-method> <!-- setUp -->
        <test-method signature="VarifySignup()[pri:0, instance:testCases.TC1_SignUp@43bc63a3]" started-at="2025-06-29T19:58:24 IST" name="VarifySignup" finished-at="2025-06-29T19:58:32 IST" duration-ms="7804" status="PASS">
          <reporter-output>
          </reporter-output>
        </test-method> <!-- VarifySignup -->
        <test-method is-config="true" signature="tearDown()[pri:0, instance:testCases.TC1_SignUp@43bc63a3]" started-at="2025-06-29T19:58:32 IST" name="tearDown" finished-at="2025-06-29T19:58:32 IST" duration-ms="283" status="PASS">
          <reporter-output>
          </reporter-output>
        </test-method> <!-- tearDown -->
      </class> <!-- testCases.TC1_SignUp -->
    </test> <!-- Test -->
  </suite> <!-- MasterSuite -->
</testng-results>
